#
# There is insufficient memory for the Java Runtime Environment to continue.
# Native memory allocation (malloc) failed to allocate 32744 bytes for ChunkPool::allocate
# Possible reasons:
#   The system is out of physical RAM or swap space
#   In 32 bit mode, the process size limit was hit
# Possible solutions:
#   Reduce memory load on the system
#   Increase physical memory or swap space
#   Check if swap backing store is full
#   Use 64 bit Java on a 64 bit OS
#   Decrease Java heap size (-Xmx/-Xms)
#   Decrease number of Java threads
#   Decrease Java thread stack sizes (-Xss)
#   Set larger code cache with -XX:ReservedCodeCacheSize=
# This output file may be truncated or incomplete.
#
#  Out of Memory Error (allocation.cpp:273), pid=6752, tid=0x0000000000001b54
#
# JRE version: Java(TM) SE Runtime Environment (8.0_144-b01) (build 1.8.0_144-b01)
# Java VM: Java HotSpot(TM) 64-Bit Server VM (25.144-b01 mixed mode windows-amd64 compressed oops)
# Failed to write core dump. Minidumps are not enabled by default on client versions of Windows
#

---------------  T H R E A D  ---------------

Current thread (0x0000000014f42800):  JavaThread "C2 CompilerThread0" daemon [_thread_in_native, id=6996, stack(0x0000000016090000,0x0000000016190000)]

Stack: [0x0000000016090000,0x0000000016190000]
[error occurred during error reporting (printing stack bounds), id 0xc0000005]

Native frames: (J=compiled Java code, j=interpreted, Vv=VM code, C=native code)


Current CompileTask:
C2:  44244 1920   !   4       com.android.dx.cf.code.BytecodeArray::parseInstruction (2796 bytes)


---------------  P R O C E S S  ---------------

Java Threads: ( => current thread )
  0x00000000166c0800 JavaThread "pool-2-thread-1" [_thread_blocked, id=6208, stack(0x0000000016990000,0x0000000016a90000)]
  0x00000000166bd800 JavaThread "pool-1-thread-1" [_thread_in_Java, id=2608, stack(0x0000000016890000,0x0000000016990000)]
  0x0000000014fb7800 JavaThread "Service Thread" daemon [_thread_blocked, id=6852, stack(0x0000000016290000,0x0000000016390000)]
  0x0000000014fa5800 JavaThread "C1 CompilerThread1" daemon [_thread_blocked, id=4744, stack(0x0000000016190000,0x0000000016290000)]
=>0x0000000014f42800 JavaThread "C2 CompilerThread0" daemon [_thread_in_native, id=6996, stack(0x0000000016090000,0x0000000016190000)]
  0x0000000014f54000 JavaThread "Attach Listener" daemon [_thread_blocked, id=456, stack(0x0000000015f90000,0x0000000016090000)]
  0x0000000014f51000 JavaThread "Signal Dispatcher" daemon [_thread_blocked, id=4800, stack(0x0000000015e90000,0x0000000015f90000)]
  0x0000000002ab0800 JavaThread "Finalizer" daemon [_thread_blocked, id=3528, stack(0x0000000015b80000,0x0000000015c80000)]
  0x0000000002aac000 JavaThread "Reference Handler" daemon [_thread_blocked, id=3404, stack(0x0000000015a80000,0x0000000015b80000)]
  0x00000000029c0800 JavaThread "main" [_thread_blocked, id=1612, stack(0x00000000024f0000,0x00000000025f0000)]

Other Threads:
  0x0000000014f15000 VMThread [stack: 0x0000000015980000,0x0000000015a80000] [id=4948]
  0x0000000014fae000 WatcherThread [stack: 0x0000000016390000,0x0000000016490000] [id=4656]

VM state:not at safepoint (normal execution)

VM Mutex/Monitor currently owned by a thread: None

Heap:
 PSYoungGen      total 97792K, used 24176K [0x00000000eab00000, 0x00000000f0e00000, 0x0000000100000000)
  eden space 94208K, 25% used [0x00000000eab00000,0x00000000ec29c1a8,0x00000000f0700000)
  from space 3584K, 0% used [0x00000000f0a80000,0x00000000f0a80000,0x00000000f0e00000)
  to   space 3584K, 0% used [0x00000000f0700000,0x00000000f0700000,0x00000000f0a80000)
 ParOldGen       total 105472K, used 45150K [0x00000000c0000000, 0x00000000c6700000, 0x00000000eab00000)
  object space 105472K, 42% used [0x00000000c0000000,0x00000000c2c17880,0x00000000c6700000)
 Metaspace       used 6546K, capacity 7320K, committed 7680K, reserved 1056768K
  class space    used 635K, capacity 656K, committed 768K, reserved 1048576K

Card table byte_map: [0x0000000011e80000,0x0000000012090000] byte_map_base: 0x0000000011880000

Marking Bits: (ParMarkBitMap*) 0x0000000055e8d850
 Begin Bits: [0x00000000123f0000, 0x00000000133f0000)
 End Bits:   [0x00000000133f0000, 0x00000000143f0000)

Polling page: 0x0000000000d50000

CodeCache: size=245760Kb used=8802Kb max_used=8802Kb free=236957Kb
 bounds [0x0000000002ac0000, 0x0000000003370000, 0x0000000011ac0000]
 total_blobs=2158 nmethods=1893 adapters=178
 compilation: enabled

Compilation events (10 events):
Event: 43.603 Thread 0x0000000014fa5800 1927       2       java.util.concurrent.locks.AbstractQueuedSynchronizer::setHead (16 bytes)
Event: 43.604 Thread 0x0000000014fa5800 nmethod 1927 0x000000000335bdd0 code [0x000000000335bf20, 0x000000000335c0d0]
Event: 43.646 Thread 0x0000000014fa5800 1928       2       com.android.dx.dex.file.ClassDefItem::<init> (110 bytes)
Event: 43.647 Thread 0x0000000014fa5800 nmethod 1928 0x000000000335b2d0 code [0x000000000335b4a0, 0x000000000335bac8]
Event: 43.648 Thread 0x0000000014fa5800 1929   !   2       com.android.dx.dex.cf.AttributeTranslator::getClassAnnotations (135 bytes)
Event: 43.652 Thread 0x0000000014fa5800 nmethod 1929 0x0000000003342b50 code [0x0000000003342dc0, 0x0000000003343908]
Event: 43.657 Thread 0x0000000014fa5800 1930       2       java.util.concurrent.locks.ReentrantLock$Sync::nonfairTryAcquire (67 bytes)
Event: 43.658 Thread 0x0000000014fa5800 nmethod 1930 0x000000000335add0 code [0x000000000335af40, 0x000000000335b1c8]
Event: 43.997 Thread 0x0000000014fa5800 1931       2       java.util.concurrent.locks.ReentrantLock$NonfairSync::tryAcquire (6 bytes)
Event: 43.998 Thread 0x0000000014fa5800 nmethod 1931 0x000000000335aa50 code [0x000000000335abc0, 0x000000000335ad28]

GC Heap History (10 events):
Event: 16.886 GC heap before
{Heap before GC invocations=3 (full 0):
 PSYoungGen      total 50688K, used 50678K [0x00000000eab00000, 0x00000000ee000000, 0x0000000100000000)
  eden space 47104K, 100% used [0x00000000eab00000,0x00000000ed900000,0x00000000ed900000)
  from space 3584K, 99% used [0x00000000edc80000,0x00000000edffd8c8,0x00000000ee000000)
  to   space 3584K, 0% used [0x00000000ed900000,0x00000000ed900000,0x00000000edc80000)
 ParOldGen       total 61440K, used 3900K [0x00000000c0000000, 0x00000000c3c00000, 0x00000000eab00000)
  object space 61440K, 6% used [0x00000000c0000000,0x00000000c03cf060,0x00000000c3c00000)
 Metaspace       used 6313K, capacity 7222K, committed 7296K, reserved 1056768K
  class space    used 614K, capacity 622K, committed 640K, reserved 1048576K
Event: 17.093 GC heap after
Heap after GC invocations=3 (full 0):
 PSYoungGen      total 50688K, used 3573K [0x00000000eab00000, 0x00000000f0e00000, 0x0000000100000000)
  eden space 47104K, 0% used [0x00000000eab00000,0x00000000eab00000,0x00000000ed900000)
  from space 3584K, 99% used [0x00000000ed900000,0x00000000edc7d548,0x00000000edc80000)
  to   space 3584K, 0% used [0x00000000f0a80000,0x00000000f0a80000,0x00000000f0e00000)
 ParOldGen       total 61440K, used 10787K [0x00000000c0000000, 0x00000000c3c00000, 0x00000000eab00000)
  object space 61440K, 17% used [0x00000000c0000000,0x00000000c0a88d60,0x00000000c3c00000)
 Metaspace       used 6313K, capacity 7222K, committed 7296K, reserved 1056768K
  class space    used 614K, capacity 622K, committed 640K, reserved 1048576K
}
Event: 20.630 GC heap before
{Heap before GC invocations=4 (full 0):
 PSYoungGen      total 50688K, used 50677K [0x00000000eab00000, 0x00000000f0e00000, 0x0000000100000000)
  eden space 47104K, 100% used [0x00000000eab00000,0x00000000ed900000,0x00000000ed900000)
  from space 3584K, 99% used [0x00000000ed900000,0x00000000edc7d548,0x00000000edc80000)
  to   space 3584K, 0% used [0x00000000f0a80000,0x00000000f0a80000,0x00000000f0e00000)
 ParOldGen       total 61440K, used 10787K [0x00000000c0000000, 0x00000000c3c00000, 0x00000000eab00000)
  object space 61440K, 17% used [0x00000000c0000000,0x00000000c0a88d60,0x00000000c3c00000)
 Metaspace       used 6351K, capacity 7222K, committed 7296K, reserved 1056768K
  class space    used 614K, capacity 622K, committed 640K, reserved 1048576K
Event: 20.909 GC heap after
Heap after GC invocations=4 (full 0):
 PSYoungGen      total 97792K, used 3577K [0x00000000eab00000, 0x00000000f0e00000, 0x0000000100000000)
  eden space 94208K, 0% used [0x00000000eab00000,0x00000000eab00000,0x00000000f0700000)
  from space 3584K, 99% used [0x00000000f0a80000,0x00000000f0dfe680,0x00000000f0e00000)
  to   space 3584K, 0% used [0x00000000f0700000,0x00000000f0700000,0x00000000f0a80000)
 ParOldGen       total 61440K, used 18271K [0x00000000c0000000, 0x00000000c3c00000, 0x00000000eab00000)
  object space 61440K, 29% used [0x00000000c0000000,0x00000000c11d7de8,0x00000000c3c00000)
 Metaspace       used 6351K, capacity 7222K, committed 7296K, reserved 1056768K
  class space    used 614K, capacity 622K, committed 640K, reserved 1048576K
}
Event: 26.767 GC heap before
{Heap before GC invocations=5 (full 0):
 PSYoungGen      total 97792K, used 97785K [0x00000000eab00000, 0x00000000f0e00000, 0x0000000100000000)
  eden space 94208K, 100% used [0x00000000eab00000,0x00000000f0700000,0x00000000f0700000)
  from space 3584K, 99% used [0x00000000f0a80000,0x00000000f0dfe680,0x00000000f0e00000)
  to   space 3584K, 0% used [0x00000000f0700000,0x00000000f0700000,0x00000000f0a80000)
 ParOldGen       total 61440K, used 18271K [0x00000000c0000000, 0x00000000c3c00000, 0x00000000eab00000)
  object space 61440K, 29% used [0x00000000c0000000,0x00000000c11d7de8,0x00000000c3c00000)
 Metaspace       used 6471K, capacity 7256K, committed 7424K, reserved 1056768K
  class space    used 634K, capacity 656K, committed 768K, reserved 1048576K
Event: 27.001 GC heap after
Heap after GC invocations=5 (full 0):
 PSYoungGen      total 97792K, used 3571K [0x00000000eab00000, 0x00000000f0e00000, 0x0000000100000000)
  eden space 94208K, 0% used [0x00000000eab00000,0x00000000eab00000,0x00000000f0700000)
  from space 3584K, 99% used [0x00000000f0700000,0x00000000f0a7cf08,0x00000000f0a80000)
  to   space 3584K, 0% used [0x00000000f0a80000,0x00000000f0a80000,0x00000000f0e00000)
 ParOldGen       total 61440K, used 31172K [0x00000000c0000000, 0x00000000c3c00000, 0x00000000eab00000)
  object space 61440K, 50% used [0x00000000c0000000,0x00000000c1e71200,0x00000000c3c00000)
 Metaspace       used 6471K, capacity 7256K, committed 7424K, reserved 1056768K
  class space    used 634K, capacity 656K, committed 768K, reserved 1048576K
}
Event: 33.087 GC heap before
{Heap before GC invocations=6 (full 0):
 PSYoungGen      total 97792K, used 97779K [0x00000000eab00000, 0x00000000f0e00000, 0x0000000100000000)
  eden space 94208K, 100% used [0x00000000eab00000,0x00000000f0700000,0x00000000f0700000)
  from space 3584K, 99% used [0x00000000f0700000,0x00000000f0a7cf08,0x00000000f0a80000)
  to   space 3584K, 0% used [0x00000000f0a80000,0x00000000f0a80000,0x00000000f0e00000)
 ParOldGen       total 61440K, used 31172K [0x00000000c0000000, 0x00000000c3c00000, 0x00000000eab00000)
  object space 61440K, 50% used [0x00000000c0000000,0x00000000c1e71200,0x00000000c3c00000)
 Metaspace       used 6528K, capacity 7320K, committed 7680K, reserved 1056768K
  class space    used 634K, capacity 656K, committed 768K, reserved 1048576K
Event: 33.563 GC heap after
Heap after GC invocations=6 (full 0):
 PSYoungGen      total 97792K, used 3560K [0x00000000eab00000, 0x00000000f0e00000, 0x0000000100000000)
  eden space 94208K, 0% used [0x00000000eab00000,0x00000000eab00000,0x00000000f0700000)
  from space 3584K, 99% used [0x00000000f0a80000,0x00000000f0dfa058,0x00000000f0e00000)
  to   space 3584K, 0% used [0x00000000f0700000,0x00000000f0700000,0x00000000f0a80000)
 ParOldGen       total 61440K, used 45220K [0x00000000c0000000, 0x00000000c3c00000, 0x00000000eab00000)
  object space 61440K, 73% used [0x00000000c0000000,0x00000000c2c292b0,0x00000000c3c00000)
 Metaspace       used 6528K, capacity 7320K, committed 7680K, reserved 1056768K
  class space    used 634K, capacity 656K, committed 768K, reserved 1048576K
}
Event: 33.563 GC heap before
{Heap before GC invocations=7 (full 1):
 PSYoungGen      total 97792K, used 3560K [0x00000000eab00000, 0x00000000f0e00000, 0x0000000100000000)
  eden space 94208K, 0% used [0x00000000eab00000,0x00000000eab00000,0x00000000f0700000)
  from space 3584K, 99% used [0x00000000f0a80000,0x00000000f0dfa058,0x00000000f0e00000)
  to   space 3584K, 0% used [0x00000000f0700000,0x00000000f0700000,0x00000000f0a80000)
 ParOldGen       total 61440K, used 45220K [0x00000000c0000000, 0x00000000c3c00000, 0x00000000eab00000)
  object space 61440K, 73% used [0x00000000c0000000,0x00000000c2c292b0,0x00000000c3c00000)
 Metaspace       used 6528K, capacity 7320K, committed 7680K, reserved 1056768K
  class space    used 634K, capacity 656K, committed 768K, reserved 1048576K
Event: 42.108 GC heap after
Heap after GC invocations=7 (full 1):
 PSYoungGen      total 97792K, used 0K [0x00000000eab00000, 0x00000000f0e00000, 0x0000000100000000)
  eden space 94208K, 0% used [0x00000000eab00000,0x00000000eab00000,0x00000000f0700000)
  from space 3584K, 0% used [0x00000000f0a80000,0x00000000f0a80000,0x00000000f0e00000)
  to   space 3584K, 0% used [0x00000000f0700000,0x00000000f0700000,0x00000000f0a80000)
 ParOldGen       total 105472K, used 45150K [0x00000000c0000000, 0x00000000c6700000, 0x00000000eab00000)
  object space 105472K, 42% used [0x00000000c0000000,0x00000000c2c17880,0x00000000c6700000)
 Metaspace       used 6528K, capacity 7320K, committed 7680K, reserved 1056768K
  class space    used 634K, capacity 656K, committed 768K, reserved 1048576K
}

Deoptimization events (10 events):
Event: 23.877 Thread 0x00000000029c0800 Uncommon trap: reason=unstable_if action=reinterpret pc=0x0000000002f7eb04 method=java.util.HashMap.getNode(ILjava/lang/Object;)Ljava/util/HashMap$Node; @ 84
Event: 23.877 Thread 0x00000000029c0800 Uncommon trap: reason=unstable_if action=reinterpret pc=0x0000000002fe30c0 method=java.util.HashMap.putVal(ILjava/lang/Object;Ljava/lang/Object;ZZ)Ljava/lang/Object; @ 109
Event: 25.000 Thread 0x00000000166c1000 Uncommon trap: reason=bimorphic action=maybe_recompile pc=0x0000000003162f40 method=com.android.dx.ssa.LiteralOpUpgrader.tryReplacingWithConstant(Lcom/android/dx/ssa/NormalSsaInsn;)Z @ 62
Event: 25.501 Thread 0x00000000029c0800 Uncommon trap: reason=bimorphic action=maybe_recompile pc=0x0000000003162f40 method=com.android.dx.ssa.LiteralOpUpgrader.tryReplacingWithConstant(Lcom/android/dx/ssa/NormalSsaInsn;)Z @ 62
Event: 27.020 Thread 0x00000000166c1000 Uncommon trap: reason=unstable_if action=reinterpret pc=0x00000000031f7394 method=java.util.HashMap.resize()[Ljava/util/HashMap$Node; @ 206
Event: 27.100 Thread 0x00000000166bd800 Uncommon trap: reason=unstable_if action=reinterpret pc=0x00000000030a8e4c method=com.android.dx.ssa.MoveParamCombiner$1.visitNonMoveInsn(Lcom/android/dx/ssa/NormalSsaInsn;)V @ 27
Event: 27.764 Thread 0x00000000166ca000 Uncommon trap: reason=unstable_if action=reinterpret pc=0x000000000324fef4 method=com.android.dx.rop.code.DexTranslationAdvice.hasConstantOperation(Lcom/android/dx/rop/code/Rop;Lcom/android/dx/rop/code/RegisterSpec;Lcom/android/dx/rop/code/RegisterSpec;)Z
Event: 31.518 Thread 0x00000000166ca000 Uncommon trap: reason=class_check action=maybe_recompile pc=0x00000000031c97b8 method=com.android.dx.ssa.SCCP.simulateBranch(Lcom/android/dx/ssa/SsaInsn;)V @ 145
Event: 42.208 Thread 0x00000000166d6800 Uncommon trap: reason=bimorphic action=maybe_recompile pc=0x0000000003273050 method=com.android.dx.cf.code.BytecodeArray.parseInstruction(ILcom/android/dx/cf/code/BytecodeArray$Visitor;)I @ 1549
Event: 42.208 Thread 0x00000000166d6800 Uncommon trap: reason=bimorphic action=maybe_recompile pc=0x0000000003273050 method=com.android.dx.cf.code.BytecodeArray.parseInstruction(ILcom/android/dx/cf/code/BytecodeArray$Visitor;)I @ 1549

Internal exceptions (6 events):
Event: 0.176 Thread 0x00000000029c0800 Exception <a 'java/lang/NoSuchMethodError': Method sun.misc.Unsafe.defineClass(Ljava/lang/String;[BII)Ljava/lang/Class; name or signature does not match> (0x00000000eab07ca8) thrown at [C:\re\workspace\8-2-build-windows-amd64-cygwin\jdk8u144\9417\hotspot\
Event: 0.176 Thread 0x00000000029c0800 Exception <a 'java/lang/NoSuchMethodError': Method sun.misc.Unsafe.prefetchRead(Ljava/lang/Object;J)V name or signature does not match> (0x00000000eab07f90) thrown at [C:\re\workspace\8-2-build-windows-amd64-cygwin\jdk8u144\9417\hotspot\src\share\vm\prims
Event: 11.077 Thread 0x00000000166c1000 Implicit null exception at 0x0000000002e066ff to 0x0000000002e07f11
Event: 23.769 Thread 0x00000000029c0800 Exception <a 'java/lang/ArrayIndexOutOfBoundsException': 18> (0x00000000eda9a270) thrown at [C:\re\workspace\8-2-build-windows-amd64-cygwin\jdk8u144\9417\hotspot\src\share\vm\interpreter\interpreterRuntime.cpp, line 366]
Event: 23.772 Thread 0x00000000029c0800 Exception <a 'java/lang/ArrayIndexOutOfBoundsException'> (0x00000000eda9bdf0) thrown at [C:\re\workspace\8-2-build-windows-amd64-cygwin\jdk8u144\9417\hotspot\src\share\vm\runtime\sharedRuntime.cpp, line 605]
Event: 23.775 Thread 0x00000000029c0800 Exception <a 'java/lang/ArrayIndexOutOfBoundsException'> (0x00000000eda9d0d8) thrown at [C:\re\workspace\8-2-build-windows-amd64-cygwin\jdk8u144\9417\hotspot\src\share\vm\runtime\sharedRuntime.cpp, line 605]

Events (10 events):
Event: 42.208 Thread 0x00000000166d6800 Uncommon trap: trap_request=0xffffffc6 fr.pc=0x0000000003273050
Event: 42.208 Thread 0x00000000166d6800 DEOPT PACKING pc=0x0000000003273050 sp=0x0000000016d8e6f0
Event: 42.208 Thread 0x00000000166d6800 DEOPT UNPACKING pc=0x0000000002b0582a sp=0x0000000016d8e6a0 mode 2
Event: 43.664 loading class java/util/HashMap$KeySet
Event: 43.670 loading class java/util/HashMap$KeySet done
Event: 43.670 loading class java/util/HashMap$KeyIterator
Event: 43.671 loading class java/util/HashMap$KeyIterator done
Event: 43.691 Thread 0x00000000166c1000 Thread exited: 0x00000000166c1000
Event: 43.691 Thread 0x00000000166ca000 Thread exited: 0x00000000166ca000
Event: 44.054 Thread 0x00000000166d6800 Thread exited: 0x00000000166d6800


Dynamic libraries:
0x000007f648820000 - 0x000007f648857000 	C:\Program Files\Java\jdk1.8.0_144\bin\java.exe
0x000007fd38840000 - 0x000007fd38a00000 	C:\Windows\SYSTEM32\ntdll.dll
0x000007fd35cb0000 - 0x000007fd35de6000 	C:\Windows\system32\KERNEL32.DLL
0x000007fd358f0000 - 0x000007fd359e3000 	C:\Windows\system32\KERNELBASE.dll
0x000007fd36cd0000 - 0x000007fd36dae000 	C:\Windows\system32\ADVAPI32.dll
0x000007fd36e00000 - 0x000007fd36f4c000 	C:\Windows\system32\USER32.dll
0x000007fd33a00000 - 0x000007fd33c6a000 	C:\Windows\WinSxS\amd64_microsoft.windows.common-controls_6595b64144ccf1df_6.0.9200.16579_none_418ab7ef718b27ef\COMCTL32.dll
0x000007fd36c20000 - 0x000007fd36cc5000 	C:\Windows\system32\msvcrt.dll
0x000007fd387f0000 - 0x000007fd38838000 	C:\Windows\SYSTEM32\sechost.dll
0x000007fd386b0000 - 0x000007fd387f0000 	C:\Windows\system32\RPCRT4.dll
0x000007fd36660000 - 0x000007fd367a1000 	C:\Windows\system32\GDI32.dll
0x000007fd38430000 - 0x000007fd38469000 	C:\Windows\system32\IMM32.DLL
0x000007fd36120000 - 0x000007fd36235000 	C:\Windows\system32\MSCTF.dll
0x0000000053ae0000 - 0x0000000053bb2000 	C:\Program Files\Java\jdk1.8.0_144\jre\bin\msvcr100.dll
0x0000000055670000 - 0x0000000055f0d000 	C:\Program Files\Java\jdk1.8.0_144\jre\bin\server\jvm.dll
0x000007fd28090000 - 0x000007fd28099000 	C:\Windows\SYSTEM32\WSOCK32.dll
0x000007fd2fe70000 - 0x000007fd2fe90000 	C:\Windows\SYSTEM32\WINMM.dll
0x000007fd32610000 - 0x000007fd32619000 	C:\Windows\SYSTEM32\VERSION.dll
0x000007fd367b0000 - 0x000007fd367b7000 	C:\Windows\system32\PSAPI.DLL
0x000007fd35fc0000 - 0x000007fd36018000 	C:\Windows\system32\WS2_32.dll
0x000007fd2fd20000 - 0x000007fd2fd52000 	C:\Windows\SYSTEM32\WINMMBASE.dll
0x000007fd36870000 - 0x000007fd36879000 	C:\Windows\system32\NSI.dll
0x0000000055660000 - 0x000000005566f000 	C:\Program Files\Java\jdk1.8.0_144\jre\bin\verify.dll
0x0000000055630000 - 0x0000000055659000 	C:\Program Files\Java\jdk1.8.0_144\jre\bin\java.dll
0x0000000055610000 - 0x0000000055626000 	C:\Program Files\Java\jdk1.8.0_144\jre\bin\zip.dll
0x000007fd36f50000 - 0x000007fd3822e000 	C:\Windows\system32\SHELL32.dll
0x000007fd36240000 - 0x000007fd363f0000 	C:\Windows\SYSTEM32\combase.dll
0x000007fd36db0000 - 0x000007fd36e00000 	C:\Windows\system32\SHLWAPI.dll
0x000007fd33ed0000 - 0x000007fd33f66000 	C:\Windows\SYSTEM32\SHCORE.dll
0x000007fd35770000 - 0x000007fd35785000 	C:\Windows\SYSTEM32\profapi.dll

VM Arguments:
jvm_args: -Djava.awt.headless=true -Xmx1024M -Dfile.encoding=windows-1252 -Duser.country=ZW -Duser.language=en -Duser.variant 
java_command: com.android.dx.command.Main --dex --num-threads=4 --output G:\Powervision2\app\build\intermediates\pre-dexed\debug\com.android.support-appcompat-v7-26.0.0-alpha1_2835f94535aef347bd435718f4377000dad48eee.jar G:\Powervision2\app\build\intermediates\exploded-aar\com.android.support\appcompat-v7\26.0.0-alpha1\jars\classes.jar
java_class_path (initial): C:\Users\Voestak\AppData\Local\Android\sdk3\build-tools\26.0.2\lib\dx.jar
Launcher Type: SUN_STANDARD

Environment Variables:
PATH=C:\ProgramData\Oracle\Java\javapath;C:\Windows\system32;C:\Windows;C:\Windows\System32\Wbem;C:\Windows\System32\WindowsPowerShell\v1.0\;C:\Program Files\;C:\Program Files (x86)\Skype\Phone\;C:\Program Files\Git\cmd
USERNAME=Voestak
OS=Windows_NT
PROCESSOR_IDENTIFIER=AMD64 Family 20 Model 2 Stepping 0, AuthenticAMD



---------------  S Y S T E M  ---------------

OS: Windows 8 , 64 bit Build 9200 (6.2.9200.16627)

CPU:total 2 (initial active 2) (2 cores per cpu, 1 threads per core) family 20 model 2 stepping 0, cmov, cx8, fxsr, mmx, sse, sse2, sse3, ssse3, popcnt, mmxext, lzcnt, sse4a, tsc, tscinvbit, tscinv

Memory: 4k page, physical 5867784k(1201484k free), swap 5867784k(15888k free)

vm_info: Java HotSpot(TM) 64-Bit Server VM (25.144-b01) for windows-amd64 JRE (1.8.0_144-b01), built on Jul 21 2017 21:57:33 by "java_re" with MS VC++ 10.0 (VS2010)

time: Thu Nov 02 23:44:41 2017
elapsed time: 44 seconds (0d 0h 0m 44s)

