JvmtiExport can_access_local_variables 0
JvmtiExport can_hotswap_or_post_breakpoint 0
JvmtiExport can_post_on_exceptions 0
# 281 ciObject found
ciMethod java/lang/Object <init> ()V 4097 1 174249 0 0
ciMethod java/util/ArrayList <init> ()V 129 1 7877 0 -1
ciMethod java/util/ArrayList add (Ljava/lang/Object;)Z 689 1 25060 0 -1
ciMethodData java/lang/Object <init> ()V 2 174249 orig 264 88 66 74 82 0 0 0 0 128 4 115 20 0 0 0 0 32 1 0 0 0 0 0 0 0 0 0 0 0 0 0 0 0 0 0 0 0 0 0 0 0 0 0 0 0 0 0 0 0 0 0 0 0 0 0 0 0 0 0 0 0 0 0 0 0 0 0 0 0 0 0 0 0 0 0 0 0 0 0 0 77 68 79 32 101 120 116 114 97 32 100 97 116 97 32 108 111 99 107 0 0 0 0 0 0 0 0 0 0 0 0 0 0 0 0 0 0 0 0 0 0 0 0 0 0 0 0 0 0 0 0 0 0 0 0 0 0 0 0 0 0 0 0 0 0 0 0 0 0 0 0 0 0 0 0 0 0 0 0 0 0 0 0 0 0 0 0 0 0 0 0 0 0 0 0 0 0 0 0 0 0 0 0 0 1 0 0 0 0 0 0 0 1 0 0 0 0 0 0 0 1 0 0 0 0 0 0 0 0 0 0 0 0 0 0 0 0 2 0 0 73 53 21 0 1 0 0 0 0 0 0 0 0 0 0 0 2 0 0 0 0 0 3 0 1 0 0 0 0 0 0 0 255 255 255 255 0 0 0 0 0 0 0 0 data 0 oops 0
ciMethod com/android/dx/dex/DexOptions canUseDefaultInterfaceMethods ()Z 0 0 1 0 -1
ciMethod com/android/dx/dex/DexOptions canUseInvokePolymorphic ()Z 0 0 1 0 -1
ciMethod com/android/dx/dex/DexOptions canUseInvokeCustom ()Z 9 1 1 0 -1
ciMethod com/android/dx/rop/cst/Constant <init> ()V 2049 1 21093 0 0
ciMethod com/android/dx/rop/cst/TypedConstant <init> ()V 2905 1 15497 0 0
ciMethod com/android/dx/rop/cst/ConstantPool get (I)Lcom/android/dx/rop/cst/Constant; 0 0 1 0 -1
ciMethod com/android/dx/util/ByteArray getByte (I)I 1377 1 1399 0 0
ciMethod com/android/dx/util/ByteArray getShort (I)I 0 0 24 0 0
ciMethod com/android/dx/util/ByteArray getInt (I)I 2121 1 7829 0 320
ciMethod com/android/dx/util/ByteArray getUnsignedByte (I)I 4097 1 61467 0 224
ciMethod com/android/dx/util/ByteArray getUnsignedShort (I)I 2081 1 33895 0 288
ciMethod com/android/dx/util/ByteArray checkOffsets (II)V 3913 1 5645 0 128
ciMethod com/android/dx/util/ByteArray getByte0 (I)I 4097 1 9252 0 0
ciMethod com/android/dx/util/ByteArray getUnsignedByte0 (I)I 3001 1 154250 0 96
ciMethod com/android/dx/cf/code/BytecodeArray$Visitor visitInvalid (III)V 0 0 1 0 -1
ciMethod com/android/dx/cf/code/BytecodeArray$Visitor visitNoArgs (IIILcom/android/dx/rop/type/Type;)V 0 0 1 0 -1
ciMethod com/android/dx/cf/code/BytecodeArray$Visitor visitLocal (IIIILcom/android/dx/rop/type/Type;I)V 0 0 1 0 -1
ciMethod com/android/dx/cf/code/BytecodeArray$Visitor visitConstant (IIILcom/android/dx/rop/cst/Constant;I)V 0 0 1 0 -1
ciMethod com/android/dx/cf/code/BytecodeArray$Visitor visitBranch (IIII)V 0 0 1 0 -1
ciMethod com/android/dx/cf/code/BytecodeArray$Visitor visitNewarray (IILcom/android/dx/rop/cst/CstType;Ljava/util/ArrayList;)V 0 0 1 0 -1
ciMethod com/android/dx/cf/code/BytecodeArray$Visitor getPreviousOffset ()I 0 0 1 0 -1
ciMethod com/android/dx/rop/cst/CstInteger make (I)Lcom/android/dx/rop/cst/CstInteger; 1857 1 5352 0 352
ciMethod com/android/dx/rop/cst/CstInteger <init> (I)V 3369 1 3735 0 0
ciMethod com/android/dx/rop/cst/CstInteger getValue ()I 161 1 7417 0 0
ciMethod com/android/dx/rop/cst/CstLiteral32 <init> (I)V 3417 1 3735 0 0
ciMethod com/android/dx/rop/cst/CstLiteral32 getIntBits ()I 1161 1 145 0 0
ciMethod com/android/dx/rop/cst/CstLiteralBits <init> ()V 3441 1 3736 0 0
ciMethod com/android/dx/rop/cst/CstFieldRef getType ()Lcom/android/dx/rop/type/Type; 4097 1 5288 0 -1
ciMethod com/android/dx/rop/cst/CstBaseMethodRef getPrototype (Z)Lcom/android/dx/rop/type/Prototype; 2049 1 314 0 -1
ciMethod com/android/dx/rop/cst/CstBaseMethodRef isSignaturePolymorphic ()Z 1177 1 513 0 -1
ciMethod com/android/dx/rop/cst/CstInterfaceMethodRef toMethodRef ()Lcom/android/dx/rop/cst/CstMethodRef; 17 1 2 0 -1
ciMethod com/android/dx/rop/cst/CstInvokeDynamic addReference ()Lcom/android/dx/rop/cst/CstCallSiteRef; 0 0 1 0 -1
ciMethod com/android/dx/rop/cst/CstInvokeDynamic getPrototype ()Lcom/android/dx/rop/type/Prototype; 0 0 1 0 -1
ciMethod com/android/dx/rop/cst/StdConstantPool get (I)Lcom/android/dx/rop/cst/Constant; 4097 1 20420 0 128
ciMethod com/android/dx/rop/cst/StdConstantPool throwInvalid (I)Lcom/android/dx/rop/cst/Constant; 0 0 1 0 -1
ciMethod com/android/dx/rop/type/Type getBasicFrameType ()I 2049 1 1305 0 -1
ciMethod com/android/dx/rop/type/Type isCategory1 ()Z 401 1 39 0 -1
ciMethod com/android/dx/rop/type/Type isCategory2 ()Z 2921 1 326 0 -1
ciMethod com/android/dx/rop/type/Type isArrayOrKnownNull ()Z 0 0 1 0 -1
ciMethod com/android/dx/rop/type/Type getComponentType ()Lcom/android/dx/rop/type/Type; 489 1 190 0 -1
ciMethod com/android/dx/rop/type/Prototype internInts (Lcom/android/dx/rop/type/Type;I)Lcom/android/dx/rop/type/Prototype; 0 0 1 0 -1
ciMethodData com/android/dx/util/ByteArray getUnsignedByte0 (I)I 2 154262 orig 264 88 66 74 82 0 0 0 0 128 242 182 20 0 0 0 0 40 1 0 0 0 0 0 0 0 0 0 0 0 0 0 0 0 0 0 0 0 0 0 0 0 0 0 0 0 0 0 0 0 0 0 0 0 0 0 0 0 0 0 0 0 0 0 0 0 0 0 0 0 0 0 0 0 0 0 0 0 0 0 0 77 68 79 32 101 120 116 114 97 32 100 97 116 97 32 108 111 99 107 0 0 0 0 0 0 0 0 0 0 0 0 0 0 0 0 0 0 0 0 0 0 0 0 0 0 0 0 0 0 0 0 0 0 0 0 0 0 0 0 0 0 0 0 0 0 0 0 0 0 0 0 0 0 0 0 0 0 0 0 0 0 0 0 0 0 0 0 0 0 0 0 0 0 0 0 0 0 0 0 0 0 0 0 0 1 0 0 0 0 0 0 0 0 0 0 0 0 0 0 0 1 0 0 0 0 0 0 0 0 0 0 0 0 0 0 0 118 1 0 0 249 200 18 0 1 0 0 0 0 0 0 0 0 0 0 0 2 0 0 0 0 0 3 0 1 0 0 0 0 0 0 0 255 255 255 255 0 0 0 0 0 0 0 0 data 0 oops 0
ciMethodData com/android/dx/util/ByteArray checkOffsets (II)V 2 5645 orig 264 88 66 74 82 0 0 0 0 248 240 182 20 0 0 0 0 40 3 0 0 64 0 0 0 0 0 0 0 0 0 0 0 0 0 0 0 0 0 0 0 0 0 0 0 0 0 0 0 0 0 0 0 0 0 0 0 0 0 0 0 0 0 0 0 0 0 0 0 0 0 0 0 0 0 0 0 0 0 0 0 77 68 79 32 101 120 116 114 97 32 100 97 116 97 32 108 111 99 107 0 0 0 0 0 0 0 0 0 0 0 0 0 0 0 0 0 0 0 0 0 0 0 0 0 0 0 0 0 0 0 0 0 0 0 0 0 0 0 0 0 0 0 0 0 0 0 0 0 0 0 0 0 0 0 0 0 0 0 0 0 0 0 0 0 0 0 0 0 0 0 0 0 0 0 0 0 0 0 0 0 0 0 0 0 25 0 0 0 0 0 0 0 0 0 0 0 0 0 0 0 1 0 0 0 0 0 0 0 0 0 0 0 0 0 0 0 233 1 0 0 33 161 0 0 1 0 0 0 0 0 0 0 0 0 0 0 2 0 0 0 0 0 10 0 2 0 0 0 208 1 0 0 255 255 255 255 7 0 1 0 0 0 0 0 data 58 0x10007 0x0 0x60 0x1424 0x60007 0x0 0x40 0x1424 0xe0007 0x1424 0x190 0x0 0x190002 0x0 0x1e0005 0x0 0x0 0x0 0x0 0x0 0x220005 0x0 0x0 0x0 0x0 0x0 0x270005 0x0 0x0 0x0 0x0 0x0 0x2b0005 0x0 0x0 0x0 0x0 0x0 0x300005 0x0 0x0 0x0 0x0 0x0 0x370005 0x0 0x0 0x0 0x0 0x0 0x3a0005 0x0 0x0 0x0 0x0 0x0 0x3d0002 0x0 oops 0
ciMethodData com/android/dx/util/ByteArray getUnsignedByte (I)I 2 61467 orig 264 88 66 74 82 0 0 0 0 56 238 182 20 0 0 0 0 72 1 0 0 0 0 0 0 0 0 0 0 0 0 0 0 0 0 0 0 0 0 0 0 0 0 0 0 0 0 0 0 0 0 0 0 0 0 0 0 0 0 0 0 0 0 0 0 0 0 0 0 0 0 0 0 0 0 0 0 0 0 0 0 77 68 79 32 101 120 116 114 97 32 100 97 116 97 32 108 111 99 107 0 0 0 0 0 0 0 0 0 0 0 0 0 0 0 0 0 0 0 0 0 0 0 0 0 0 0 0 0 0 0 0 0 0 0 0 0 0 0 0 0 0 0 0 0 0 0 0 0 0 0 0 0 0 0 0 0 0 0 0 0 0 0 0 0 0 0 0 0 0 0 0 0 0 0 0 0 0 0 0 0 0 0 0 0 17 0 0 0 0 0 0 0 0 0 0 0 0 0 0 0 1 0 0 0 0 0 0 0 0 0 0 0 0 0 0 0 0 2 0 0 217 112 7 0 1 0 0 0 0 0 0 0 0 0 0 0 2 0 0 0 0 0 3 0 2 0 0 0 32 0 0 0 255 255 255 255 2 0 5 0 0 0 0 0 data 4 0x50002 0xee1b 0xa0002 0xee1b oops 0
ciMethod com/android/dx/cf/code/BytecodeArray parseInstruction (ILcom/android/dx/cf/code/BytecodeArray$Visitor;)I 4097 1 7230 0 -1
ciMethod com/android/dx/cf/code/BytecodeArray parseTableswitch (ILcom/android/dx/cf/code/BytecodeArray$Visitor;)I 1 1 1 0 0
ciMethod com/android/dx/cf/code/BytecodeArray parseLookupswitch (ILcom/android/dx/cf/code/BytecodeArray$Visitor;)I 0 0 1 0 0
ciMethod com/android/dx/cf/code/BytecodeArray parseNewarray (ILcom/android/dx/cf/code/BytecodeArray$Visitor;)I 441 3833 237 0 -1
ciMethod com/android/dx/cf/code/BytecodeArray parseWide (ILcom/android/dx/cf/code/BytecodeArray$Visitor;)I 0 0 1 0 0
ciMethod com/android/dx/cf/code/ByteCatchList listFor (I)Lcom/android/dx/cf/code/ByteCatchList; 2185 1 724 0 -1
ciMethod com/android/dx/cf/code/ByteCatchList toTargetList (I)Lcom/android/dx/util/IntList; 2345 1 724 0 -1
ciMethod com/android/dx/cf/code/LocalVariableList pcAndIndexToLocal (II)Lcom/android/dx/cf/code/LocalVariableList$Item; 2049 2585 428 0 -1
ciMethod com/android/dx/cf/code/LocalVariableList$Item getLocalItem ()Lcom/android/dx/rop/code/LocalItem; 1081 1 168 0 -1
ciMethod com/android/dx/cf/code/LocalVariableList$Item getType ()Lcom/android/dx/rop/type/Type; 2033 1 304 0 -1
ciMethodData com/android/dx/util/ByteArray getUnsignedShort (I)I 2 33915 orig 264 88 66 74 82 0 0 0 0 0 239 182 20 0 0 0 0 88 1 0 0 0 0 0 0 0 0 0 0 0 0 0 0 0 0 0 0 0 0 0 0 0 0 0 0 0 0 0 0 0 0 0 0 0 0 0 0 0 0 0 0 0 0 0 0 0 0 0 0 0 0 0 0 0 0 0 0 0 0 0 0 77 68 79 32 101 120 116 114 97 32 100 97 116 97 32 108 111 99 107 0 0 0 0 0 0 0 0 0 0 0 0 0 0 0 0 0 0 0 0 0 0 0 0 0 0 0 0 0 0 0 0 0 0 0 0 0 0 0 0 0 0 0 0 0 0 0 0 0 0 0 0 0 0 0 0 0 0 0 0 0 0 0 0 0 0 0 0 0 0 0 0 0 0 0 0 0 0 0 0 0 0 0 0 0 17 0 0 0 0 0 0 0 0 0 0 0 0 0 0 0 1 0 0 0 0 0 0 0 0 0 0 0 0 0 0 0 3 1 0 0 185 27 4 0 1 0 0 0 0 0 0 0 0 0 0 0 2 0 0 0 0 0 3 0 2 0 0 0 48 0 0 0 255 255 255 255 2 0 5 0 0 0 0 0 data 6 0x50002 0x8377 0xa0002 0x8377 0x140002 0x8377 oops 0
ciMethodData com/android/dx/rop/cst/Constant <init> ()V 2 21093 orig 264 88 66 74 82 0 0 0 0 112 47 181 20 0 0 0 0 48 1 0 0 0 0 0 0 0 0 0 0 0 0 0 0 0 0 0 0 0 0 0 0 0 0 0 0 0 0 0 0 0 0 0 0 0 0 0 0 0 0 0 0 0 0 0 0 0 0 0 0 0 0 0 0 0 0 0 0 0 0 0 0 77 68 79 32 101 120 116 114 97 32 100 97 116 97 32 108 111 99 107 0 0 0 0 0 0 0 0 0 0 0 0 0 0 0 0 0 0 0 0 0 0 0 0 0 0 0 0 0 0 0 0 0 0 0 0 0 0 0 0 0 0 0 0 0 0 0 0 0 0 0 0 0 0 0 0 0 0 0 0 0 0 0 0 0 0 0 0 0 0 0 0 0 0 0 0 0 0 0 0 0 0 0 0 0 0 0 0 0 0 0 0 0 0 0 0 0 0 0 0 0 0 0 0 0 0 0 0 0 0 0 0 0 0 0 0 0 0 1 0 0 41 139 2 0 1 0 0 0 0 0 0 0 0 0 0 0 2 0 0 0 0 0 3 0 2 0 0 0 16 0 0 0 255 255 255 255 2 0 1 0 0 0 0 0 data 2 0x10002 0x5165 oops 0
ciMethodData com/android/dx/rop/cst/TypedConstant <init> ()V 2 15497 orig 264 88 66 74 82 0 0 0 0 16 85 181 20 0 0 0 0 48 1 0 0 0 0 0 0 0 0 0 0 0 0 0 0 0 0 0 0 0 0 0 0 0 0 0 0 0 0 0 0 0 0 0 0 0 0 0 0 0 0 0 0 0 0 0 0 0 0 0 0 0 0 0 0 0 0 0 0 0 0 0 0 77 68 79 32 101 120 116 114 97 32 100 97 116 97 32 108 111 99 107 0 0 0 0 0 0 0 0 0 0 0 0 0 0 0 0 0 0 0 0 0 0 0 0 0 0 0 0 0 0 0 0 0 0 0 0 0 0 0 0 0 0 0 0 0 0 0 0 0 0 0 0 0 0 0 0 0 0 0 0 0 0 0 0 0 0 0 0 0 0 0 0 0 0 0 0 0 0 0 0 0 0 0 0 0 0 0 0 0 0 0 0 0 0 0 0 0 0 0 0 0 0 0 0 0 0 0 0 0 0 0 0 0 0 0 0 0 107 1 0 0 241 216 1 0 1 0 0 0 0 0 0 0 0 0 0 0 2 0 0 0 0 0 3 0 2 0 0 0 16 0 0 0 255 255 255 255 2 0 1 0 0 0 0 0 data 2 0x10002 0x3b1e oops 0
ciMethodData com/android/dx/util/ByteArray getInt (I)I 2 7829 orig 264 88 66 74 82 0 0 0 0 80 236 182 20 0 0 0 0 120 1 0 0 0 0 0 0 0 0 0 0 0 0 0 0 0 0 0 0 0 0 0 0 0 0 0 0 0 0 0 0 0 0 0 0 0 0 0 0 0 0 0 0 0 0 0 0 0 0 0 0 0 0 0 0 0 0 0 0 0 0 0 0 77 68 79 32 101 120 116 114 97 32 100 97 116 97 32 108 111 99 107 0 0 0 0 0 0 0 0 0 0 0 0 0 0 0 0 0 0 0 0 0 0 0 0 0 0 0 0 0 0 0 0 0 0 0 0 0 0 0 0 0 0 0 0 0 0 0 0 0 0 0 0 0 0 0 0 0 0 0 0 0 0 0 0 0 0 0 0 0 0 0 0 0 0 0 0 0 0 0 0 0 0 0 0 0 17 0 0 0 0 0 0 0 0 0 0 0 0 0 0 0 1 0 0 0 0 0 0 0 0 0 0 0 0 0 0 0 9 1 0 0 97 236 0 0 1 0 0 0 0 0 0 0 0 0 0 0 2 0 0 0 0 0 3 0 2 0 0 0 80 0 0 0 255 255 255 255 2 0 5 0 0 0 0 0 data 10 0x50002 0x1d8c 0xa0002 0x1d8c 0x140002 0x1d8c 0x1f0002 0x1d8c 0x2a0002 0x1d8c oops 0
ciMethodData com/android/dx/rop/cst/CstInteger make (I)Lcom/android/dx/rop/cst/CstInteger; 2 5352 orig 264 88 66 74 82 0 0 0 0 232 96 183 20 0 0 0 0 248 1 0 0 80 0 0 0 0 0 0 0 0 0 0 0 0 0 0 0 0 0 0 0 0 0 0 0 0 0 0 0 0 0 0 0 0 0 0 0 0 0 0 0 0 0 0 0 0 0 0 0 0 0 0 0 0 0 0 0 0 0 0 0 77 68 79 32 101 120 116 114 97 32 100 97 116 97 32 108 111 99 107 0 0 0 0 0 0 0 0 0 0 0 0 0 0 0 0 0 0 0 0 0 0 0 0 0 0 0 0 0 0 0 0 0 0 0 0 0 0 0 0 0 0 0 0 0 0 0 0 0 0 0 0 0 0 0 0 0 0 0 0 0 0 0 0 0 0 0 0 0 0 0 0 0 0 0 0 0 0 0 0 0 0 0 0 0 0 0 0 0 0 0 0 0 0 0 0 0 0 0 0 0 0 0 0 0 0 0 0 0 0 0 0 0 0 0 0 0 232 0 0 0 1 160 0 0 1 0 0 0 0 0 0 0 0 0 0 0 2 0 0 0 0 0 8 0 2 0 0 0 176 0 0 0 255 255 255 255 7 0 17 0 0 0 0 0 data 22 0x110007 0x122 0x70 0x12de 0x150005 0x11 0x150b3460 0x12cd 0x0 0x0 0x190007 0xc8d 0x20 0x651 0x230002 0xdaf 0x2c0004 0x0 0x150b3460 0xdaf 0x0 0x0 oops 2 6 com/android/dx/rop/cst/CstInteger 18 com/android/dx/rop/cst/CstInteger
ciMethodData com/android/dx/rop/cst/StdConstantPool get (I)Lcom/android/dx/rop/cst/Constant; 2 20421 orig 264 88 66 74 82 0 0 0 0 216 16 184 20 0 0 0 0 144 1 0 0 32 0 0 0 0 0 0 0 0 0 0 0 0 0 0 0 0 0 0 0 0 0 0 0 0 0 0 0 0 0 0 0 0 0 0 0 0 0 0 0 0 0 0 0 0 0 0 0 0 0 0 0 0 0 0 0 0 0 0 0 77 68 79 32 101 120 116 114 97 32 100 97 116 97 32 108 111 99 107 0 0 0 0 0 0 0 0 0 0 0 0 0 0 0 0 0 0 0 0 0 0 0 0 0 0 0 0 0 0 0 0 0 0 0 0 0 0 0 0 0 0 0 0 0 0 0 0 0 0 0 0 0 0 0 0 0 0 0 0 0 0 0 0 0 0 0 0 0 0 0 0 0 0 0 0 0 0 0 0 0 0 0 0 0 0 0 0 0 0 0 0 0 0 0 0 0 0 0 0 0 0 0 0 0 0 0 0 0 0 0 0 0 0 0 0 0 0 2 0 0 41 110 2 0 1 0 0 0 0 0 0 0 0 0 0 0 2 0 0 0 0 0 7 0 2 0 0 0 64 0 0 0 255 255 255 255 7 0 8 0 0 0 0 0 data 8 0x80007 0x4dc5 0x30 0x0 0xc0002 0x0 0x140002 0x0 oops 0
ciMethodData com/android/dx/util/ByteArray getByte0 (I)I 2 9521 orig 264 88 66 74 82 0 0 0 0 200 241 182 20 0 0 0 0 40 1 0 0 0 0 0 0 0 0 0 0 0 0 0 0 0 0 0 0 0 0 0 0 0 0 0 0 0 0 0 0 0 0 0 0 0 0 0 0 0 0 0 0 0 0 0 0 0 0 0 0 0 0 0 0 0 0 0 0 0 0 0 0 77 68 79 32 101 120 116 114 97 32 100 97 116 97 32 108 111 99 107 0 0 0 0 0 0 0 0 0 0 0 0 0 0 0 0 0 0 0 0 0 0 0 0 0 0 0 0 0 0 0 0 0 0 0 0 0 0 0 0 0 0 0 0 0 0 0 0 0 0 0 0 0 0 0 0 0 0 0 0 0 0 0 0 0 0 0 0 0 0 0 0 0 0 0 0 0 0 0 0 0 0 0 0 0 1 0 0 0 0 0 0 0 0 0 0 0 0 0 0 0 1 0 0 0 0 0 0 0 0 0 0 0 0 0 0 0 0 2 0 0 137 25 1 0 1 0 0 0 0 0 0 0 0 0 0 0 2 0 0 0 0 0 3 0 1 0 0 0 0 0 0 0 255 255 255 255 0 0 0 0 0 0 0 0 data 0 oops 0
ciMethodData com/android/dx/rop/cst/CstInteger getValue ()I 2 7867 orig 264 88 66 74 82 0 0 0 0 16 101 183 20 0 0 0 0 120 1 0 0 0 0 0 0 0 0 0 0 0 0 0 0 0 0 0 0 0 0 0 0 0 0 0 0 0 0 0 0 0 0 0 0 0 0 0 0 0 0 0 0 0 0 0 0 0 0 0 0 0 0 0 0 0 0 0 0 0 0 0 0 77 68 79 32 101 120 116 114 97 32 100 97 116 97 32 108 111 99 107 0 0 0 0 0 0 0 0 0 0 0 0 0 0 0 0 0 0 0 0 0 0 0 0 0 0 0 0 0 0 0 0 0 0 0 0 0 0 0 0 0 0 0 0 0 0 0 0 0 0 0 0 0 0 0 0 0 0 0 0 0 0 0 0 0 0 0 0 0 0 0 0 0 0 0 0 0 0 0 0 0 0 0 0 0 0 0 0 0 0 0 0 0 0 0 0 0 0 0 0 0 0 0 0 0 0 0 0 0 0 0 0 0 0 0 0 0 20 0 0 0 57 245 0 0 1 0 0 0 0 0 0 0 0 0 0 0 2 0 0 0 0 0 3 0 2 0 0 0 48 0 0 0 255 255 255 255 5 0 1 0 0 0 0 0 data 6 0x10005 0xe8 0x150b3460 0x1dbf 0x0 0x0 oops 1 2 com/android/dx/rop/cst/CstInteger
ciMethodData com/android/dx/rop/cst/CstInteger <init> (I)V 2 3735 orig 264 88 66 74 82 0 0 0 0 176 97 183 20 0 0 0 0 56 1 0 0 0 0 0 0 0 0 0 0 0 0 0 0 0 0 0 0 0 0 0 0 0 0 0 0 0 0 0 0 0 0 0 0 0 0 0 0 0 0 0 0 0 0 0 0 0 0 0 0 0 0 0 0 0 0 0 0 0 0 0 0 77 68 79 32 101 120 116 114 97 32 100 97 116 97 32 108 111 99 107 0 0 0 0 0 0 0 0 0 0 0 0 0 0 0 0 0 0 0 0 0 0 0 0 0 0 0 0 0 0 0 0 0 0 0 0 0 0 0 0 0 0 0 0 0 0 0 0 0 0 0 0 0 0 0 0 0 0 0 0 0 0 0 0 0 0 0 0 0 0 0 0 0 0 0 0 0 0 0 0 0 0 0 0 0 0 0 0 0 0 0 0 0 0 0 0 0 0 0 0 0 0 0 0 0 0 0 0 0 0 0 0 0 0 0 0 0 164 1 0 0 145 103 0 0 1 0 0 0 0 0 0 0 0 0 0 0 2 0 0 0 0 0 3 0 2 0 0 0 16 0 0 0 255 255 255 255 2 0 2 0 0 0 0 0 data 2 0x20002 0xcf2 oops 0
ciMethodData com/android/dx/rop/cst/CstLiteral32 <init> (I)V 2 3735 orig 264 88 66 74 82 0 0 0 0 224 104 183 20 0 0 0 0 56 1 0 0 0 0 0 0 0 0 0 0 0 0 0 0 0 0 0 0 0 0 0 0 0 0 0 0 0 0 0 0 0 0 0 0 0 0 0 0 0 0 0 0 0 0 0 0 0 0 0 0 0 0 0 0 0 0 0 0 0 0 0 0 77 68 79 32 101 120 116 114 97 32 100 97 116 97 32 108 111 99 107 0 0 0 0 0 0 0 0 0 0 0 0 0 0 0 0 0 0 0 0 0 0 0 0 0 0 0 0 0 0 0 0 0 0 0 0 0 0 0 0 0 0 0 0 0 0 0 0 0 0 0 0 0 0 0 0 0 0 0 0 0 0 0 0 0 0 0 0 0 0 0 0 0 0 0 0 0 0 0 0 0 0 0 0 0 0 0 0 0 0 0 0 0 0 0 0 0 0 0 0 0 0 0 0 0 0 0 0 0 0 0 0 0 0 0 0 0 171 1 0 0 97 103 0 0 1 0 0 0 0 0 0 0 0 0 0 0 2 0 0 0 0 0 3 0 2 0 0 0 16 0 0 0 255 255 255 255 2 0 1 0 0 0 0 0 data 2 0x10002 0xcec oops 0
ciMethodData com/android/dx/rop/cst/CstLiteralBits <init> ()V 2 3736 orig 264 88 66 74 82 0 0 0 0 56 112 183 20 0 0 0 0 48 1 0 0 0 0 0 0 0 0 0 0 0 0 0 0 0 0 0 0 0 0 0 0 0 0 0 0 0 0 0 0 0 0 0 0 0 0 0 0 0 0 0 0 0 0 0 0 0 0 0 0 0 0 0 0 0 0 0 0 0 0 0 0 77 68 79 32 101 120 116 114 97 32 100 97 116 97 32 108 111 99 107 0 0 0 0 0 0 0 0 0 0 0 0 0 0 0 0 0 0 0 0 0 0 0 0 0 0 0 0 0 0 0 0 0 0 0 0 0 0 0 0 0 0 0 0 0 0 0 0 0 0 0 0 0 0 0 0 0 0 0 0 0 0 0 0 0 0 0 0 0 0 0 0 0 0 0 0 0 0 0 0 0 0 0 0 0 0 0 0 0 0 0 0 0 0 0 0 0 0 0 0 0 0 0 0 0 0 0 0 0 0 0 0 0 0 0 0 0 173 1 0 0 81 103 0 0 1 0 0 0 0 0 0 0 0 0 0 0 2 0 0 0 0 0 3 0 2 0 0 0 16 0 0 0 255 255 255 255 2 0 1 0 0 0 0 0 data 2 0x10002 0xcea oops 0
ciMethod com/android/dx/cf/code/ConcreteMethod getCatches ()Lcom/android/dx/cf/code/ByteCatchList; 3113 1 1757 0 -1
ciMethod com/android/dx/cf/code/Machine clearArgs ()V 0 0 1 0 -1
ciMethod com/android/dx/cf/code/Machine popArgs (Lcom/android/dx/cf/code/Frame;I)V 0 0 1 0 -1
ciMethod com/android/dx/cf/code/Machine popArgs (Lcom/android/dx/cf/code/Frame;Lcom/android/dx/rop/type/Prototype;)V 0 0 1 0 -1
ciMethod com/android/dx/cf/code/Machine popArgs (Lcom/android/dx/cf/code/Frame;Lcom/android/dx/rop/type/Type;)V 0 0 1 0 -1
ciMethod com/android/dx/cf/code/Machine popArgs (Lcom/android/dx/cf/code/Frame;Lcom/android/dx/rop/type/Type;Lcom/android/dx/rop/type/Type;)V 0 0 1 0 -1
ciMethod com/android/dx/cf/code/Machine popArgs (Lcom/android/dx/cf/code/Frame;Lcom/android/dx/rop/type/Type;Lcom/android/dx/rop/type/Type;Lcom/android/dx/rop/type/Type;)V 0 0 1 0 -1
ciMethod com/android/dx/cf/code/Machine localArg (Lcom/android/dx/cf/code/Frame;I)V 0 0 1 0 -1
ciMethod com/android/dx/cf/code/Machine localInfo (Z)V 0 0 1 0 -1
ciMethod com/android/dx/cf/code/Machine auxType (Lcom/android/dx/rop/type/Type;)V 0 0 1 0 -1
ciMethod com/android/dx/cf/code/Machine auxIntArg (I)V 0 0 1 0 -1
ciMethod com/android/dx/cf/code/Machine auxCstArg (Lcom/android/dx/rop/cst/Constant;)V 0 0 1 0 -1
ciMethod com/android/dx/cf/code/Machine auxTargetArg (I)V 0 0 1 0 -1
ciMethod com/android/dx/cf/code/Machine localTarget (ILcom/android/dx/rop/type/Type;Lcom/android/dx/rop/code/LocalItem;)V 0 0 1 0 -1
ciMethod com/android/dx/cf/code/Machine run (Lcom/android/dx/cf/code/Frame;II)V 0 0 1 0 -1
ciMethod com/android/dx/cf/code/BasicBlocker visitNoArgs (IIILcom/android/dx/rop/type/Type;)V 2049 1 230 0 0
ciMethod com/android/dx/cf/code/BasicBlocker visitLocal (IIIILcom/android/dx/rop/type/Type;I)V 2049 1 305 0 0
ciMethod com/android/dx/cf/code/BasicBlocker visitConstant (IIILcom/android/dx/rop/cst/Constant;I)V 2097 1 785 0 0
ciMethod com/android/dx/cf/code/BasicBlocker visitBranch (IIII)V 97 1 12 0 0
ciMethod com/android/dx/cf/code/BasicBlocker addWorkIfNecessary (IZ)V 2953 1 2122 0 0
ciMethod com/android/dx/cf/code/BasicBlocker visitCommon (IIZ)V 2049 1 1476 0 0
ciMethod com/android/dx/cf/code/BasicBlocker visitThrowing (IIZ)V 1985 1 724 0 0
ciMethod com/android/dx/util/Bits get ([II)Z 4097 1 5262 0 0
ciMethod com/android/dx/util/Bits set ([II)V 2065 1 5934 0 128
ciMethod com/android/dx/util/IntList makeImmutable (I)Lcom/android/dx/util/IntList; 3073 1 1335 0 -1
ciMethod com/android/dx/util/IntList makeImmutable (II)Lcom/android/dx/util/IntList; 49 1 6 0 -1
ciMethod com/android/dx/cf/code/ByteOps opInfo (I)I 4097 1 7230 0 0
ciMethod com/android/dx/cf/code/Simulator access$100 ()Lcom/android/dx/cf/code/SimException; 0 0 1 0 -1
ciMethod com/android/dx/cf/code/Simulator access$200 (Lcom/android/dx/rop/type/Type;Lcom/android/dx/rop/type/Type;)Lcom/android/dx/rop/type/Type; 441 1 44 0 -1
ciMethod com/android/dx/cf/code/Simulator access$300 (Lcom/android/dx/cf/code/Simulator;)Lcom/android/dx/cf/code/LocalVariableList; 1025 1 128 0 -1
ciMethod com/android/dx/cf/code/Simulator access$400 (Lcom/android/dx/cf/code/Simulator;)Lcom/android/dx/dex/DexOptions; 0 0 1 0 -1
ciMethod com/android/dx/cf/code/Simulator$SimVisitor visitInvalid (III)V 0 0 1 0 -1
ciMethod com/android/dx/cf/code/Simulator$SimVisitor visitNoArgs (IIILcom/android/dx/rop/type/Type;)V 2057 1 218 0 0
ciMethod com/android/dx/cf/code/Simulator$SimVisitor checkReturnType (Lcom/android/dx/rop/type/Type;)V 849 1 92 0 -1
ciMethod com/android/dx/cf/code/Simulator$SimVisitor visitLocal (IIIILcom/android/dx/rop/type/Type;I)V 2049 1 305 0 0
ciMethod com/android/dx/cf/code/Simulator$SimVisitor visitConstant (IIILcom/android/dx/rop/cst/Constant;I)V 4097 1 706 0 0
ciMethod com/android/dx/cf/code/Simulator$SimVisitor visitBranch (IIII)V 97 1 12 0 0
ciMethod com/android/dx/cf/code/Frame getStack ()Lcom/android/dx/cf/code/ExecutionStack; 1817 1 227 0 -1
ciMethod com/android/dx/cf/code/ExecutionStack peekLocal (I)Z 401 1 39 0 -1
ciMethod com/android/dx/cf/code/ExecutionStack peekType (I)Lcom/android/dx/rop/type/Type; 1329 1 132 0 -1
ciMethodData com/android/dx/util/Bits set ([II)V 2 5937 orig 264 88 66 74 82 0 0 0 0 48 71 191 20 0 0 0 0 40 1 0 0 0 0 0 0 0 0 0 0 0 0 0 0 0 0 0 0 0 0 0 0 0 0 0 0 0 0 0 0 0 0 0 0 0 0 0 0 0 0 0 0 0 0 0 0 0 0 0 0 0 0 0 0 0 0 0 0 0 0 0 0 77 68 79 32 101 120 116 114 97 32 100 97 116 97 32 108 111 99 107 0 0 0 0 0 0 0 0 0 0 0 0 0 0 0 0 0 0 0 0 0 0 0 0 0 0 0 0 0 0 0 0 0 0 0 0 0 0 0 0 0 0 0 0 0 0 0 0 0 0 0 0 0 0 0 0 0 0 0 0 0 0 0 0 0 0 0 0 0 0 0 0 0 0 0 0 0 0 0 0 0 0 0 0 0 0 0 0 0 0 0 0 0 0 0 0 0 0 0 0 0 0 0 0 0 0 0 0 0 0 0 0 0 0 0 0 0 2 1 0 0 121 177 0 0 1 0 0 0 0 0 0 0 0 0 0 0 2 0 0 0 0 0 3 0 1 0 0 0 0 0 0 0 255 255 255 255 0 0 0 0 0 0 0 0 data 0 oops 0
ciMethod com/android/dx/cf/code/BytecodeArray$ConstantParserVisitor <init> (Lcom/android/dx/cf/code/BytecodeArray;)V 2049 1 272 0 -1
ciMethod com/android/dx/cf/code/BytecodeArray$ConstantParserVisitor visitConstant (IIILcom/android/dx/rop/cst/Constant;I)V 4097 1 1536 0 64
ciMethodData com/android/dx/cf/code/BytecodeArray parseInstruction (ILcom/android/dx/cf/code/BytecodeArray$Visitor;)I 2 7230 orig 264 88 66 74 82 0 0 0 0 176 118 185 20 0 0 0 0 184 40 0 0 144 36 0 0 0 0 0 0 0 0 0 0 0 0 0 0 0 0 0 0 0 0 0 0 0 0 0 0 0 0 0 0 0 0 0 0 0 0 0 0 0 0 0 0 0 0 0 0 0 0 0 0 0 0 0 0 0 0 0 0 77 68 79 32 101 120 116 114 97 32 100 97 116 97 32 108 111 99 107 0 0 0 0 0 0 0 0 0 0 0 0 0 0 0 0 0 0 0 0 0 0 0 0 0 0 0 0 0 0 0 0 0 0 0 0 0 0 0 0 0 0 0 0 0 0 0 0 0 0 0 0 0 0 0 0 0 0 0 0 0 0 0 0 0 0 0 0 0 0 0 0 0 0 0 0 0 0 0 0 0 0 0 0 0 0 0 0 0 0 0 0 0 0 0 0 0 0 0 0 0 0 0 0 0 0 0 0 0 0 0 0 0 0 0 0 0 0 2 0 0 241 209 0 0 1 0 0 0 0 0 0 0 0 0 0 0 2 0 0 0 0 0 245 0 2 0 0 0 216 38 0 0 255 255 255 255 7 0 1 0 0 0 0 0 data 1243 0x10007 0x1a3e 0x20 0x0 0xd0005 0x4a3 0x150b31a0 0x159b 0x0 0x0 0x120002 0x1a3e 0x1f0008 0x196 0x0 0x2478 0x0 0xcc0 0x0 0xcf0 0x0 0xd20 0x3e 0xd50 0x3c 0xd80 0x37 0xdb0 0x30 0xde0 0x1c 0xe10 0x1b 0xe40 0x0 0xe70 0x0 0xea0 0x0 0xed0 0x0 0xf00 0x0 0xf30 0x0 0xf60 0x0 0xf90 0x125 0xfc0 0x0 0x1030 0x116 0x10a0 0xbc 0x11f8 0x0 0x1350 0x0 0x13e0 0x0 0x1440 0x0 0x14a0 0x0 0x1500 0x0 0x1560 0x0 0x15c0 0x0 0x15c0 0x0 0x15c0 0x0 0x15c0 0x0 0x15f0 0x0 0x15f0 0x0 0x15f0 0x0 0x15f0 0x0 0x1620 0x0 0x1620 0x0 0x1620 0x0 0x1620 0x0 0x1650 0x0 0x1650 0x0 0x1650 0x0 0x1650 0x8 0x1680 0x0 0x1680 0x0 0x1680 0x0 0x1680 0x0 0x16b0 0x0 0x16e0 0x0 0x1710 0x0 0x1740 0x0 0x1770 0x0 0x17a0 0x0 0x17d0 0x0 0x1800 0x0 0x1830 0x0 0x1890 0x0 0x18f0 0x0 0x1950 0x0 0x19b0 0x0 0x1a10 0x0 0x1a10 0x0 0x1a10 0x0 0x1a10 0x0 0x1a40 0x0 0x1a40 0x0 0x1a40 0x0 0x1a40 0x0 0x1a70 0x0 0x1a70 0x0 0x1a70 0x0 0x1a70 0x0 0x1aa0 0x0 0x1aa0 0x0 0x1aa0 0x0 0x1aa0 0x0 0x1ad0 0x0 0x1ad0 0x0 0x1ad0 0x0 0x1ad0 0x7 0x1b00 0x0 0x1b30 0x0 0x1b60 0x0 0x1b90 0x0 0x1bc0 0x0 0x1bf0 0x0 0x1c20 0x0 0x1c50 0x0 0x1c80 0x0 0x1c80 0x7 0x1c80 0x0 0x1c80 0x0 0x1c80 0x0 0x1c80 0x0 0x1c80 0x0 0x1c80 0x0 0x1c80 0x0 0x1cb0 0x0 0x1ce0 0x0 0x1d10 0x0 0x1d40 0x0 0x1cb0 0x0 0x1ce0 0x0 0x1d10 0x0 0x1d40 0x0 0x1cb0 0x0 0x1ce0 0x0 0x1d10 0x0 0x1d40 0x0 0x1cb0 0x0 0x1ce0 0x0 0x1d10 0x0 0x1d40 0x0 0x1cb0 0x0 0x1ce0 0x0 0x1d10 0x0 0x1d40 0x0 0x1cb0 0x0 0x1ce0 0x0 0x1d10 0x0 0x1d40 0x0 0x1cb0 0x0 0x1ce0 0x0 0x1cb0 0x0 0x1ce0 0x0 0x1cb0 0x0 0x1ce0 0x0 0x1cb0 0x0 0x1ce0 0x0 0x1cb0 0x0 0x1ce0 0x0 0x1cb0 0x0 0x1ce0 0x0 0x1d70 0x0 0x1e00 0x0 0x1e30 0x0 0x1e60 0x0 0x1e90 0x0 0x1e30 0x0 0x1e60 0x0 0x1e90 0x0 0x1e00 0x0 0x1e60 0x0 0x1e90 0x0 0x1e00 0x0 0x1e30 0x0 0x1e90 0x0 0x1e90 0x0 0x1e90 0x0 0x1e90 0x0 0x1e90 0x0 0x1e90 0x0 0x1e90 0x0 0x1e90 0x0 0x1ec0 0x0 0x1ec0 0x0 0x1ec0 0x0 0x1ec0 0x0 0x1ec0 0x0 0x1ec0 0x0 0x1ec0 0x0 0x1ec0 0x0 0x1ec0 0x0 0x1ec0 0x0 0x1ec0 0x0 0x1ec0 0x0 0x1ec0 0x0 0x1ec0 0x0 0x1ec0 0x0 0x1ec0 0x0 0x1f20 0x0 0x1f80 0x0 0x1f90 0x0 0x1fa0 0x0 0x1fd0 0x0 0x2000 0x0 0x2030 0x0 0x2060 0x9 0x2090 0x0 0x20c0 0x37 0x20c0 0x0 0x20c0 0x0 0x20c0 0x0 0x20c0 0x8 0x20c0 0x0 0x20c0 0x0 0x2150 0x0 0x2240 0x0 0x20c0 0x36 0x2300 0x0 0x20c0 0x0 0x1e90 0x0 0x2090 0x0 0x20c0 0x0 0x20c0 0x0 0x2090 0x0 0x2090 0x0 0x2310 0x0 0x2320 0x0 0x1ec0 0x0 0x1ec0 0x0 0x23e0 0x0 0x23e0 0x35b0005 0x0 0x0 0x0 0x0 0x0 0x36b0005 0x0 0x0 0x0 0x0 0x0 0x37b0005 0x0 0x0 0x0 0x0 0x0 0x38b0005 0x19 0x150b3250 0xde 0x150b3300 0x1d 0x39b0005 0x13 0x150b3250 0xda 0x150b3300 0x17 0x3ab0005 0x13 0x150b3250 0xbe 0x150b3300 0x17 0x3bb0005 0x15 0x150b3250 0x9e 0x150b3300 0x1f 0x3cb0005 0x6 0x150b3250 0x74 0x150b3300 0x7 0x3db0005 0x7 0x150b3300 0xa 0x150b3250 0x6b 0x3eb0005 0x0 0x0 0x0 0x0 0x0 0x3fb0005 0x0 0x0 0x0 0x0 0x0 0x40b0005 0x0 0x0 0x0 0x0 0x0 0x41b0005 0x0 0x0 0x0 0x0 0x0 0x42b0005 0x0 0x0 0x0 0x0 0x0 0x43b0005 0x0 0x0 0x0 0x0 0x0 0x44b0005 0x0 0x0 0x0 0x0 0x0 0x4590005 0x125 0x150b31a0 0x3ca 0x0 0x0 0x4650002 0x4ef 0x46a0005 0x2d 0x150b3250 0x485 0x150b3300 0x3d 0x4780005 0x0 0x0 0x0 0x0 0x0 0x4840002 0x0 0x4890005 0x0 0x0 0x0 0x0 0x0 0x4970005 0x116 0x150b31a0 0x4a6 0x0 0x0 0x4a20005 0x0 0x150b33b0 0x5bc 0x0 0x0 0x4ab0004 0xffffffffffffff78 0x150b3460 0x534 0x0 0x0 0x4ae0007 0x88 0x98 0x534 0x4b30004 0x0 0x150b3460 0x534 0x0 0x0 0x4b60005 0x116 0x150b3460 0x41e 0x0 0x0 0x4b90003 0x534 0x18 0x4c80005 0x6f 0x150b3250 0x4dd 0x150b3300 0x70 0x4d60005 0xbc 0x150b31a0 0x20e 0x0 0x0 0x4e10005 0x0 0x150b33b0 0x2ca 0x0 0x0 0x4ea0004 0x0 0x150b3460 0x2ca 0x0 0x0 0x4ed0007 0x0 0x98 0x2ca 0x4f20004 0x0 0x150b3460 0x2ca 0x0 0x0 0x4f50005 0xbc 0x150b3460 0x20e 0x0 0x0 0x4f80003 0x2ca 0x18 0x5070005 0x4 0x150b3250 0x2be 0x150b3300 0x8 0x5150005 0x0 0x0 0x0 0x0 0x0 0x5200005 0x0 0x0 0x0 0x0 0x0 0x52f0005 0x0 0x0 0x0 0x0 0x0 0x53d0005 0x0 0x150b31a0 0x4 0x0 0x0 0x54d0005 0x0 0x150b3300 0x2 0x150b3510 0x2 0x55b0005 0x0 0x0 0x0 0x0 0x0 0x56b0005 0x0 0x0 0x0 0x0 0x0 0x5790005 0x0 0x0 0x0 0x0 0x0 0x5890005 0x0 0x0 0x0 0x0 0x0 0x5970005 0x0 0x0 0x0 0x0 0x0 0x5a70005 0x0 0x0 0x0 0x0 0x0 0x5b50005 0x0 0x150b31a0 0x46 0x0 0x0 0x5c50005 0x0 0x150b3300 0x23 0x150b3510 0x23 0x5dd0005 0x0 0x150b3300 0x9 0x150b3510 0x9 0x5f50005 0x0 0x0 0x0 0x0 0x0 0x60d0005 0x0 0x0 0x0 0x0 0x0 0x6250005 0x0 0x0 0x0 0x0 0x0 0x63d0005 0x0 0x150b3300 0xc0 0x150b3510 0xc0 0x64c0005 0x0 0x150b3300 0x1 0x150b3510 0x1 0x65b0005 0x0 0x0 0x0 0x0 0x0 0x66a0005 0x0 0x0 0x0 0x0 0x0 0x6790005 0x0 0x0 0x0 0x0 0x0 0x6880005 0x0 0x150b3300 0x4 0x150b3510 0x4 0x6970005 0x0 0x0 0x0 0x0 0x0 0x6a60005 0x0 0x0 0x0 0x0 0x0 0x6b50005 0x0 0x0 0x0 0x0 0x0 0x6c30005 0x0 0x150b31a0 0x4 0x0 0x0 0x6d30005 0x0 0x150b3300 0x2 0x150b3510 0x2 0x6e10005 0x0 0x0 0x0 0x0 0x0 0x6f10005 0x0 0x0 0x0 0x0 0x0 0x6ff0005 0x0 0x0 0x0 0x0 0x0 0x70f0005 0x0 0x0 0x0 0x0 0x0 0x71d0005 0x0 0x0 0x0 0x0 0x0 0x72d0005 0x0 0x0 0x0 0x0 0x0 0x73b0005 0x0 0x150b31a0 0x2c 0x0 0x0 0x74b0005 0x0 0x150b3300 0x16 0x150b3510 0x16 0x7630005 0x0 0x150b3300 0x1 0x150b3510 0x1 0x77b0005 0x0 0x0 0x0 0x0 0x0 0x7930005 0x0 0x0 0x0 0x0 0x0 0x7ab0005 0x0 0x0 0x0 0x0 0x0 0x7c30005 0x0 0x150b3300 0x15 0x150b3510 0x15 0x7d20005 0x0 0x150b3300 0x10 0x150b3510 0xb 0x7e10005 0x0 0x0 0x0 0x0 0x0 0x7f00005 0x0 0x0 0x0 0x0 0x0 0x7ff0005 0x0 0x0 0x0 0x0 0x0 0x80e0005 0x0 0x150b3300 0x1a 0x150b3510 0x1a 0x81d0005 0x0 0x0 0x0 0x0 0x0 0x82c0005 0x0 0x0 0x0 0x0 0x0 0x83b0005 0x0 0x0 0x0 0x0 0x0 0x8490005 0x0 0x150b3300 0x54 0x150b3510 0x50 0x8570005 0x0 0x0 0x0 0x0 0x0 0x8670005 0x0 0x0 0x0 0x0 0x0 0x8770005 0x0 0x0 0x0 0x0 0x0 0x8870005 0x0 0x0 0x0 0x0 0x0 0x8950005 0x0 0x0 0x0 0x0 0x0 0x8a10005 0x0 0x0 0x0 0x0 0x0 0x8b10005 0x0 0x0 0x0 0x0 0x0 0x8bf0005 0x0 0x150b3300 0x1 0x150b3510 0x1 0x8cd0005 0x0 0x0 0x0 0x0 0x0 0x8db0005 0x0 0x0 0x0 0x0 0x0 0x8e90005 0x0 0x0 0x0 0x0 0x0 0x8f80005 0x0 0x150b31a0 0x18 0x0 0x0 0x9040005 0x0 0x150b3300 0xc 0x150b3510 0xc 0x9120005 0x0 0x0 0x0 0x0 0x0 0x9210005 0x0 0x0 0x0 0x0 0x0 0x92b0002 0x0 0x9320002 0x0 0x93f0005 0x0 0x150b3300 0x4 0x150b3510 0x4 0x94f0005 0x0 0x150b3300 0x1 0x150b3510 0x1 0x95f0005 0x0 0x0 0x0 0x0 0x0 0x96f0005 0x0 0x0 0x0 0x0 0x0 0x97f0005 0x0 0x150b3300 0x7 0x150b3510 0x7 0x98d0005 0x0 0x150b3300 0x41 0x150b3510 0x40 0x99b0005 0x3f 0x150b31a0 0x2f3 0x0 0x0 0x9a60005 0x0 0x150b33b0 0x332 0x0 0x0 0x9b40005 0x0 0x150b3300 0x1ad 0x150b3510 0x185 0x9c20005 0x0 0x150b31a0 0x2 0x0 0x0 0x9ce0005 0x0 0x150b31a0 0x2 0x0 0x0 0x9da0005 0x0 0x150b31a0 0x2 0x0 0x0 0x9e50005 0x0 0x150b33b0 0x2 0x0 0x0 0x9fa0005 0x0 0x150b3300 0x1 0x150b3510 0x1 0xa080005 0x0 0x0 0x0 0x0 0x0 0xa130005 0x0 0x0 0x0 0x0 0x0 0xa180004 0x0 0x0 0x0 0x0 0x0 0xa240005 0x0 0x0 0x0 0x0 0x0 0xa2e0002 0xde 0xa350002 0x0 0xa400005 0x0 0x0 0x0 0x0 0x0 0xa4c0005 0x0 0x0 0x0 0x0 0x0 0xa570005 0x0 0x0 0x0 0x0 0x0 0xa660005 0x0 0x0 0x0 0x0 0x0 0xa750005 0x0 0x0 0x0 0x0 0x0 0xa7f0007 0x0 0x38 0x0 0xa850003 0x0 0x18 0xa940005 0x0 0x0 0x0 0x0 0x0 0xa9f0005 0x0 0x0 0x0 0x0 0x0 0xaac0002 0x0 0xab10005 0x0 0x0 0x0 0x0 0x0 0xab50002 0x0 0xab80005 0x0 0x0 0x0 0x0 0x0 0xabb0005 0x0 0x0 0x0 0x0 0x0 0xabe0005 0x0 0x0 0x0 0x0 0x0 0xac90002 0x0 0xad40002 0x0 0xad90005 0x0 0x0 0x0 0x0 0x0 0xadd0002 0x0 0xae00005 0x0 0x0 0x0 0x0 0x0 0xae30005 0x0 0x0 0x0 0x0 0x0 0xae60005 0x0 0x0 0x0 0x0 0x0 oops 83 6 com/android/dx/util/ByteArray 440 com/android/dx/cf/code/BytecodeArray$ConstantParserVisitor 442 com/android/dx/cf/code/BasicBlocker 446 com/android/dx/cf/code/BytecodeArray$ConstantParserVisitor 448 com/android/dx/cf/code/BasicBlocker 452 com/android/dx/cf/code/BytecodeArray$ConstantParserVisitor 454 com/android/dx/cf/code/BasicBlocker 458 com/android/dx/cf/code/BytecodeArray$ConstantParserVisitor 460 com/android/dx/cf/code/BasicBlocker 464 com/android/dx/cf/code/BytecodeArray$ConstantParserVisitor 466 com/android/dx/cf/code/BasicBlocker 470 com/android/dx/cf/code/BasicBlocker 472 com/android/dx/cf/code/BytecodeArray$ConstantParserVisitor 518 com/android/dx/util/ByteArray 526 com/android/dx/cf/code/BytecodeArray$ConstantParserVisitor 528 com/android/dx/cf/code/BasicBlocker 546 com/android/dx/util/ByteArray 552 com/android/dx/rop/cst/StdConstantPool 558 com/android/dx/rop/cst/CstInteger